#
# There is insufficient memory for the Java Runtime Environment to continue.
# Native memory allocation (malloc) failed to allocate 1048576 bytes for AllocateHeap
# Possible reasons:
#   The system is out of physical RAM or swap space
#   The process is running with CompressedOops enabled, and the Java Heap may be blocking the growth of the native heap
# Possible solutions:
#   Reduce memory load on the system
#   Increase physical memory or swap space
#   Check if swap backing store is full
#   Decrease Java heap size (-Xmx/-Xms)
#   Decrease number of Java threads
#   Decrease Java thread stack sizes (-Xss)
#   Set larger code cache with -XX:ReservedCodeCacheSize=
#   JVM is running with Unscaled Compressed Oops mode in which the Java heap is
#     placed in the first 4GB address space. The Java Heap base address is the
#     maximum limit for the native heap growth. Please use -XX:HeapBaseMinAddress
#     to set the Java Heap base and to place the Java Heap above 4GB virtual address.
# This output file may be truncated or incomplete.
#
#  Out of Memory Error (./open/src/hotspot/share/memory/allocation.cpp:46), pid=86496, tid=147948
#
# JRE version:  (11.0.10+8) (build )
# Java VM: Java HotSpot(TM) 64-Bit Server VM (11.0.10+8-LTS-162, mixed mode, sharing, tiered, compressed oops, g1 gc, windows-amd64)
# No core dump will be written. Minidumps are not enabled by default on client versions of Windows
#

---------------  S U M M A R Y ------------

Command Line: -Dorg.gradle.appname=gradlew org.gradle.wrapper.GradleWrapperMain -q -Ptarget-platform=android-arm64 -Ptarget=D:\Projects\sample\lib\main.dart -Pdart-defines=Zmx1dHRlci5pbnNwZWN0b3Iuc3RydWN0dXJlZEVycm9ycz10cnVl,RkxVVFRFUl9XRUJfQVVUT19ERVRFQ1Q9dHJ1ZQ== -Pdart-obfuscation=false -Ptrack-widget-creation=true -Ptree-shake-icons=false -Pfilesystem-scheme=org-dartlang-root assembleDebug

Host: Intel(R) Core(TM) i5-7200U CPU @ 2.50GHz, 4 cores, 7G,  Windows 10 , 64 bit Build 19041 (10.0.19041.1023)
Time: Mon Aug 23 09:51:07 2021 E. Africa Standard Time elapsed time: 2.691759 seconds (0d 0h 0m 2s)

---------------  T H R E A D  ---------------

Current thread (0x000002cb3b2ea800):  JavaThread "Unknown thread" [_thread_in_vm, id=147948, stack(0x000000e6f0800000,0x000000e6f0900000)]

Stack: [0x000000e6f0800000,0x000000e6f0900000]
Native frames: (J=compiled Java code, j=interpreted, Vv=VM code, C=native code)
V  [jvm.dll+0x613e6a]
V  [jvm.dll+0x74c1ff]
V  [jvm.dll+0x74d885]
V  [jvm.dll+0x74df03]
V  [jvm.dll+0x243b78]
V  [jvm.dll+0xb0f24]
V  [jvm.dll+0x2d1c18]
V  [jvm.dll+0x727d07]
V  [jvm.dll+0x7295bf]
V  [jvm.dll+0x34c4a9]
V  [jvm.dll+0x70d6b0]
V  [jvm.dll+0x3b584f]
V  [jvm.dll+0x3b7951]
C  [jli.dll+0x520b]
C  [ucrtbase.dll+0x21bb2]
C  [KERNEL32.DLL+0x17034]
C  [ntdll.dll+0x52651]


---------------  P R O C E S S  ---------------

Threads class SMR info:
_java_thread_list=0x000002cb39a3d7a0, length=0, elements={
}

Java Threads: ( => current thread )

Other Threads:

[error occurred during error reporting (printing all threads), id 0xc0000005, EXCEPTION_ACCESS_VIOLATION (0xc0000005) at pc=0x00007fff7816275d]

VM state:not at safepoint (not fully initialized)

VM Mutex/Monitor currently owned by a thread: None


[error occurred during error reporting (printing compressed oops mode), id 0xc0000005, EXCEPTION_ACCESS_VIOLATION (0xc0000005) at pc=0x00007fff78178c07]

GC Heap History (0 events):
No events

Deoptimization events (0 events):
No events

Classes redefined (0 events):
No events

Internal exceptions (0 events):
No events

Events (0 events):
No events


Dynamic libraries:
0x00007ff77eee0000 - 0x00007ff77eeef000 	C:\Program Files\Java\jdk-11.0.10\bin\java.exe
0x00007fffb4270000 - 0x00007fffb4465000 	C:\Windows\SYSTEM32\ntdll.dll
0x00007fffb2ae0000 - 0x00007fffb2b9d000 	C:\Windows\System32\KERNEL32.DLL
0x00007fffb1b50000 - 0x00007fffb1e19000 	C:\Windows\System32\KERNELBASE.dll
0x00007fffb21e0000 - 0x00007fffb22e0000 	C:\Windows\System32\ucrtbase.dll
0x00007fffae540000 - 0x00007fffae555000 	C:\Program Files\Java\jdk-11.0.10\bin\VCRUNTIME140.dll
0x00007fffae180000 - 0x00007fffae198000 	C:\Program Files\Java\jdk-11.0.10\bin\jli.dll
0x00007fffb2490000 - 0x00007fffb253c000 	C:\Windows\System32\ADVAPI32.dll
0x00007fffb2660000 - 0x00007fffb26fe000 	C:\Windows\System32\msvcrt.dll
0x00007fffb28c0000 - 0x00007fffb295b000 	C:\Windows\System32\sechost.dll
0x00007fffb4100000 - 0x00007fffb422a000 	C:\Windows\System32\RPCRT4.dll
0x00007fffb3f60000 - 0x00007fffb4100000 	C:\Windows\System32\USER32.dll
0x00007fffb1a60000 - 0x00007fffb1a82000 	C:\Windows\System32\win32u.dll
0x00007fffb2970000 - 0x00007fffb299a000 	C:\Windows\System32\GDI32.dll
0x00007fffb20d0000 - 0x00007fffb21db000 	C:\Windows\System32\gdi32full.dll
0x00007fffb1e20000 - 0x00007fffb1ebd000 	C:\Windows\System32\msvcp_win.dll
0x00007fff9d740000 - 0x00007fff9d9da000 	C:\Windows\WinSxS\amd64_microsoft.windows.common-controls_6595b64144ccf1df_6.0.19041.1110_none_60b5254171f9507e\COMCTL32.dll
0x00007fffaa0a0000 - 0x00007fffaa0aa000 	C:\Windows\SYSTEM32\VERSION.dll
0x00007fffb3480000 - 0x00007fffb34b0000 	C:\Windows\System32\IMM32.DLL
0x00007fff8a970000 - 0x00007fff8aa0b000 	C:\Program Files\Java\jdk-11.0.10\bin\msvcp140.dll
0x00007fff77a50000 - 0x00007fff7854b000 	C:\Program Files\Java\jdk-11.0.10\bin\server\jvm.dll
0x00007fffb2700000 - 0x00007fffb2708000 	C:\Windows\System32\PSAPI.DLL
0x00007fff9d6c0000 - 0x00007fff9d6e7000 	C:\Windows\SYSTEM32\WINMM.dll
0x00007fffaf1b0000 - 0x00007fffaf1b9000 	C:\Windows\SYSTEM32\WSOCK32.dll
0x00007fffb3410000 - 0x00007fffb347b000 	C:\Windows\System32\WS2_32.dll
0x00007fffaf190000 - 0x00007fffaf1a0000 	C:\Program Files\Java\jdk-11.0.10\bin\verify.dll
0x00007fff9db80000 - 0x00007fff9dd64000 	C:\Windows\SYSTEM32\DBGHELP.DLL
0x00007fffa1d30000 - 0x00007fffa1d5c000 	C:\Windows\SYSTEM32\dbgcore.DLL
0x00007fffb1ac0000 - 0x00007fffb1b43000 	C:\Windows\System32\bcryptPrimitives.dll
0x00007fffae150000 - 0x00007fffae178000 	C:\Program Files\Java\jdk-11.0.10\bin\java.dll
0x00007fffac910000 - 0x00007fffac91a000 	C:\Program Files\Java\jdk-11.0.10\bin\jimage.dll
0x00007fffab090000 - 0x00007fffab0a6000 	C:\Program Files\Java\jdk-11.0.10\bin\zip.dll

dbghelp: loaded successfully - version: 4.0.5 - missing functions: none
symbol engine: initialized successfully - sym options: 0x614 - pdb path: .;C:\Program Files\Java\jdk-11.0.10\bin;C:\Windows\SYSTEM32;C:\Windows\WinSxS\amd64_microsoft.windows.common-controls_6595b64144ccf1df_6.0.19041.1110_none_60b5254171f9507e;C:\Program Files\Java\jdk-11.0.10\bin\server

VM Arguments:
jvm_args: -Dorg.gradle.appname=gradlew 
java_command: org.gradle.wrapper.GradleWrapperMain -q -Ptarget-platform=android-arm64 -Ptarget=D:\Projects\sample\lib\main.dart -Pdart-defines=Zmx1dHRlci5pbnNwZWN0b3Iuc3RydWN0dXJlZEVycm9ycz10cnVl,RkxVVFRFUl9XRUJfQVVUT19ERVRFQ1Q9dHJ1ZQ== -Pdart-obfuscation=false -Ptrack-widget-creation=true -Ptree-shake-icons=false -Pfilesystem-scheme=org-dartlang-root assembleDebug
java_class_path (initial): D:\Projects\sample\android\\gradle\wrapper\gradle-wrapper.jar
Launcher Type: SUN_STANDARD

[Global flags]
     intx CICompilerCount                          = 3                                         {product} {ergonomic}
     uint G1ConcRefinementThreads                  = 4                                         {product} {ergonomic}
   size_t G1HeapRegionSize                         = 1048576                                   {product} {ergonomic}
    uintx GCDrainStackTargetSize                   = 64                                        {product} {ergonomic}
   size_t InitialHeapSize                          = 134217728                                 {product} {ergonomic}
   size_t MaxHeapSize                              = 2118123520                                {product} {ergonomic}
   size_t MinHeapDeltaBytes                        = 1048576                                   {product} {ergonomic}
    uintx NonNMethodCodeHeapSize                   = 5830732                                {pd product} {ergonomic}
    uintx NonProfiledCodeHeapSize                  = 122913754                              {pd product} {ergonomic}
    uintx ProfiledCodeHeapSize                     = 122913754                              {pd product} {ergonomic}
    uintx ReservedCodeCacheSize                    = 251658240                              {pd product} {ergonomic}
     bool SegmentedCodeCache                       = true                                      {product} {ergonomic}
     bool UseCompressedClassPointers               = true                                 {lp64_product} {ergonomic}
     bool UseCompressedOops                        = true                                 {lp64_product} {ergonomic}
     bool UseG1GC                                  = true                                      {product} {ergonomic}
     bool UseLargePagesIndividualAllocation        = false                                  {pd product} {ergonomic}

Logging:
Log output configuration:
 #0: stdout all=warning uptime,level,tags
 #1: stderr all=off uptime,level,tags

Environment Variables:
JAVA_HOME=C:\Program Files\Java\jdk-11.0.10
CLASSPATH=D:\Projects\sample\android\\gradle\wrapper\gradle-wrapper.jar
PATH=C:\Program Files\Common Files\Oracle\Java\javapath;C:\Program Files (x86)\Common Files\Oracle\Java\javapath;C:\Windows\system32;C:\Windows;C:\Windows\System32\Wbem;C:\Windows\System32\WindowsPowerShell\v1.0\;C:\Windows\System32\OpenSSH\;C:\Program Files\Git\cmd;D:\flutter\bin;C:\Users\HenokTaddesse\AppData\Local\Microsoft\WindowsApps;D:\flutter\bin;C:\Users\Henok Taddesse\AppData\Local\Android\Sdk\cmdline-tools\latest\bin;C:\Program Files\Java\jdk-11.0.10\bin;;D:\flutter\bin\mingit\cmd
USERNAME=Henok Taddesse
OS=Windows_NT
PROCESSOR_IDENTIFIER=Intel64 Family 6 Model 142 Stepping 9, GenuineIntel



---------------  S Y S T E M  ---------------

OS: Windows 10 , 64 bit Build 19041 (10.0.19041.1023)

CPU:total 4 (initial active 4) (2 cores per cpu, 2 threads per core) family 6 model 142 stepping 9 microcode 0xb4, cmov, cx8, fxsr, mmx, sse, sse2, sse3, ssse3, sse4.1, sse4.2, popcnt, avx, avx2, aes, clmul, erms, 3dnowpref, lzcnt, ht, tsc, tscinvbit, bmi1, bmi2, adx, fma

Memory: 4k page, system-wide physical 8076M (699M free)
TotalPageFile size 32652M (AvailPageFile size 739M)
current process WorkingSet (physical memory assigned to process): 9M, peak: 9M
current process commit charge ("private bytes"): 10M, peak: 11M

vm_info: Java HotSpot(TM) 64-Bit Server VM (11.0.10+8-LTS-162) for windows-amd64 JRE (11.0.10+8-LTS-162), built on Dec  8 2020 16:32:57 by "mach5one" with MS VC++ 15.9 (VS2017)

END.
